#
# There is insufficient memory for the Java Runtime Environment to continue.
# Native memory allocation (malloc) failed to allocate 1048576 bytes for AllocateHeap
# Possible reasons:
#   The system is out of physical RAM or swap space
#   The process is running with CompressedOops enabled, and the Java Heap may be blocking the growth of the native heap
# Possible solutions:
#   Reduce memory load on the system
#   Increase physical memory or swap space
#   Check if swap backing store is full
#   Decrease Java heap size (-Xmx/-Xms)
#   Decrease number of Java threads
#   Decrease Java thread stack sizes (-Xss)
#   Set larger code cache with -XX:ReservedCodeCacheSize=
#   JVM is running with Unscaled Compressed Oops mode in which the Java heap is
#     placed in the first 4GB address space. The Java Heap base address is the
#     maximum limit for the native heap growth. Please use -XX:HeapBaseMinAddress
#     to set the Java Heap base and to place the Java Heap above 4GB virtual address.
# This output file may be truncated or incomplete.
#
#  Out of Memory Error (memory/allocation.inline.hpp:61), pid=12076, tid=0x0000000000000928
#
# JRE version:  (8.0_211-b12) (build )
# Java VM: Java HotSpot(TM) 64-Bit Server VM (25.211-b12 mixed mode windows-amd64 compressed oops)
# Failed to write core dump. Minidumps are not enabled by default on client versions of Windows
#

---------------  T H R E A D  ---------------

Current thread (0x0000000002cae800):  JavaThread "Unknown thread" [_thread_in_vm, id=2344, stack(0x0000000002b80000,0x0000000002c80000)]

Stack: [0x0000000002b80000,0x0000000002c80000]
[error occurred during error reporting (printing stack bounds), id 0xc0000005]

Native frames: (J=compiled Java code, j=interpreted, Vv=VM code, C=native code)


---------------  P R O C E S S  ---------------

Java Threads: ( => current thread )

Other Threads:

=>0x0000000002cae800 (exited) JavaThread "Unknown thread" [_thread_in_vm, id=2344, stack(0x0000000002b80000,0x0000000002c80000)]

VM state:not at safepoint (normal execution)

VM Mutex/Monitor currently owned by a thread: None

heap address: 0x0000000080000000, size: 2048 MB, Compressed Oops mode: 32-bit
Narrow klass base: 0x0000000000000000, Narrow klass shift: 3
Compressed class space size: 1073741824 Address: 0x0000000100000000

Heap:
 PSYoungGen      total 38400K, used 665K [0x00000000d5580000, 0x00000000d8000000, 0x0000000100000000)
  eden space 33280K, 2% used [0x00000000d5580000,0x00000000d5626670,0x00000000d7600000)
  from space 5120K, 0% used [0x00000000d7b00000,0x00000000d7b00000,0x00000000d8000000)
  to   space 5120K, 0% used [0x00000000d7600000,0x00000000d7600000,0x00000000d7b00000)
 ParOldGen       total 87552K, used 0K [0x0000000080000000, 0x0000000085580000, 0x00000000d5580000)
  object space 87552K, 0% used [0x0000000080000000,0x0000000080000000,0x0000000085580000)
 Metaspace       used 775K, capacity 4480K, committed 4480K, reserved 1056768K
  class space    used 76K, capacity 384K, committed 384K, reserved 1048576K

Card table byte_map: [0x0000000012170000,0x0000000012580000] byte_map_base: 0x0000000011d70000

Marking Bits: (ParMarkBitMap*) 0x000000005f3e5ce0
 Begin Bits: [0x0000000012c30000, 0x0000000014c30000)
 End Bits:   [0x0000000014c30000, 0x0000000016c30000)

Polling page: 0x0000000000d70000

CodeCache: size=245760Kb used=327Kb max_used=327Kb free=245432Kb
 bounds [0x0000000002db0000, 0x0000000003020000, 0x0000000011db0000]
 total_blobs=56 nmethods=0 adapters=38
 compilation: enabled

Compilation events (0 events):
No events

GC Heap History (0 events):
No events

Deoptimization events (0 events):
No events

Classes redefined (0 events):
No events

Internal exceptions (0 events):
No events

Events (10 events):
Event: 0.040 loading class java/lang/Short
Event: 0.040 loading class java/lang/Short done
Event: 0.040 loading class java/lang/Integer
Event: 0.040 loading class java/lang/Integer done
Event: 0.040 loading class java/lang/Long
Event: 0.040 loading class java/lang/Long done
Event: 0.041 loading class java/lang/NullPointerException
Event: 0.041 loading class java/lang/NullPointerException done
Event: 0.041 loading class java/lang/ArithmeticException
Event: 0.041 loading class java/lang/ArithmeticException done


Dynamic libraries:
0x00007ff65b030000 - 0x00007ff65b067000 	C:\Program Files\Java\jdk1.8.0_211\jre\bin\java.exe
0x00007ffe97960000 - 0x00007ffe97b50000 	C:\WINDOWS\SYSTEM32\ntdll.dll
0x00007ffe96ab0000 - 0x00007ffe96b62000 	C:\WINDOWS\System32\KERNEL32.DLL
0x00007ffe94c90000 - 0x00007ffe94f34000 	C:\WINDOWS\System32\KERNELBASE.dll
0x00007ffe96b70000 - 0x00007ffe96c13000 	C:\WINDOWS\System32\ADVAPI32.dll
0x00007ffe97480000 - 0x00007ffe9751e000 	C:\WINDOWS\System32\msvcrt.dll
0x00007ffe97880000 - 0x00007ffe97917000 	C:\WINDOWS\System32\sechost.dll
0x00007ffe96850000 - 0x00007ffe96970000 	C:\WINDOWS\System32\RPCRT4.dll
0x00007ffe97680000 - 0x00007ffe97814000 	C:\WINDOWS\System32\USER32.dll
0x00007ffe94bb0000 - 0x00007ffe94bd1000 	C:\WINDOWS\System32\win32u.dll
0x00007ffe96460000 - 0x00007ffe96486000 	C:\WINDOWS\System32\GDI32.dll
0x00007ffe94a10000 - 0x00007ffe94ba5000 	C:\WINDOWS\System32\gdi32full.dll
0x00007ffe94f40000 - 0x00007ffe94fde000 	C:\WINDOWS\System32\msvcp_win.dll
0x00007ffe95910000 - 0x00007ffe95a0a000 	C:\WINDOWS\System32\ucrtbase.dll
0x00007ffe8c100000 - 0x00007ffe8c384000 	C:\WINDOWS\WinSxS\amd64_microsoft.windows.common-controls_6595b64144ccf1df_6.0.18362.900_none_e6beb9d913147d17\COMCTL32.dll
0x00007ffe95b00000 - 0x00007ffe95e35000 	C:\WINDOWS\System32\combase.dll
0x00007ffe94990000 - 0x00007ffe94a10000 	C:\WINDOWS\System32\bcryptPrimitives.dll
0x00007ffe97340000 - 0x00007ffe9736e000 	C:\WINDOWS\System32\IMM32.DLL
0x000000005f550000 - 0x000000005f622000 	C:\Program Files\Java\jdk1.8.0_211\jre\bin\msvcr100.dll
0x000000005ebc0000 - 0x000000005f465000 	C:\Program Files\Java\jdk1.8.0_211\jre\bin\server\jvm.dll
0x00007ffe96c40000 - 0x00007ffe96c48000 	C:\WINDOWS\System32\PSAPI.DLL
0x00007ffe7cef0000 - 0x00007ffe7cef9000 	C:\WINDOWS\SYSTEM32\WSOCK32.dll
0x00007ffe95a90000 - 0x00007ffe95aff000 	C:\WINDOWS\System32\WS2_32.dll
0x00007ffe92860000 - 0x00007ffe92884000 	C:\WINDOWS\SYSTEM32\WINMM.dll
0x00007ffe8e0f0000 - 0x00007ffe8e0fa000 	C:\WINDOWS\SYSTEM32\VERSION.dll
0x00007ffe92750000 - 0x00007ffe9277d000 	C:\WINDOWS\SYSTEM32\winmmbase.dll
0x00007ffe94910000 - 0x00007ffe9495a000 	C:\WINDOWS\System32\cfgmgr32.dll
0x00007ffe91160000 - 0x00007ffe9116f000 	C:\Program Files\Java\jdk1.8.0_211\jre\bin\verify.dll
0x00007ffe8cb20000 - 0x00007ffe8cb49000 	C:\Program Files\Java\jdk1.8.0_211\jre\bin\java.dll
0x00007ffe8d710000 - 0x00007ffe8d726000 	C:\Program Files\Java\jdk1.8.0_211\jre\bin\zip.dll

VM Arguments:
jvm_args: -Dfile.encoding=UTF-8 
java_command: pe.gob.oefa.planefa.test.TestPlanefa
java_class_path (initial): C:\Users\CLIENTE\Documents\NetBeansProjects\ProyectoPlanefa\ProyectoPlanefa\build\classes
Launcher Type: SUN_STANDARD

Environment Variables:
PATH=C:\oraclexe\app\oracle\product\11.2.0\server\bin;C:\Program Files (x86)\Common Files\Oracle\Java\javapath;C:\WINDOWS\system32;C:\WINDOWS;C:\WINDOWS\System32\Wbem;C:\WINDOWS\System32\WindowsPowerShell\v1.0\;C:\WINDOWS\System32\OpenSSH\;C:\Program Files\Microsoft SQL Server\110\DTS\Binn\;C:\Program Files (x86)\Microsoft SQL Server\110\Tools\Binn\;C:\Program Files\Microsoft SQL Server\110\Tools\Binn\;C:\Program Files (x86)\Microsoft SQL Server\110\Tools\Binn\ManagementStudio\;C:\Program Files (x86)\Microsoft Visual Studio 10.0\Common7\IDE\PrivateAssemblies\;C:\Program Files (x86)\Microsoft SQL Server\110\DTS\Binn\;C:\Program Files\nodejs\;C:\Program Files\Git\cmd;C:\Users\CLIENTE\AppData\Local\Microsoft\WindowsApps;C:\Users\CLIENTE\AppData\Roaming\npm;C:\Users\CLIENTE\AppData\Local\Programs\Microsoft VS Code\bin
USERNAME=CLIENTE
OS=Windows_NT
PROCESSOR_IDENTIFIER=Intel64 Family 6 Model 15 Stepping 11, GenuineIntel



---------------  S Y S T E M  ---------------

OS: Windows 10.0 , 64 bit Build 18362 (10.0.18362.900)

CPU:total 4 (initial active 4) (4 cores per cpu, 1 threads per core) family 6 model 15 stepping 11, cmov, cx8, fxsr, mmx, sse, sse2, sse3, ssse3, tsc

Memory: 4k page, physical 8383168k(1957116k free), swap 33548992k(5848k free)

vm_info: Java HotSpot(TM) 64-Bit Server VM (25.211-b12) for windows-amd64 JRE (1.8.0_211-b12), built on Apr  1 2019 20:53:26 by "java_re" with MS VC++ 10.0 (VS2010)

time: Sun Jul 12 17:37:38 2020
timezone: Hora est. Pacífico, Sudamérica
elapsed time: 0 seconds (0d 0h 0m 0s)

